CRITICAL - 2023-12-20 02:57:19 --> The action you requested is not allowed.
in SYSTEMPATH\Security\Security.php on line 300.
 1 SYSTEMPATH\Security\Security.php(300): CodeIgniter\Security\Exceptions\SecurityException::forDisallowedAction()
 2 SYSTEMPATH\Filters\CSRF.php(56): CodeIgniter\Security\Security->verify(Object(CodeIgniter\HTTP\IncomingRequest))
 3 SYSTEMPATH\Filters\Filters.php(186): CodeIgniter\Filters\CSRF->before(Object(CodeIgniter\HTTP\IncomingRequest), null)
 4 SYSTEMPATH\CodeIgniter.php(474): CodeIgniter\Filters\Filters->run('weather', 'before')
 5 SYSTEMPATH\CodeIgniter.php(361): CodeIgniter\CodeIgniter->handleRequest(null, Object(Config\Cache), false)
 6 FCPATH\index.php(79): CodeIgniter\CodeIgniter->run()
 7 SYSTEMPATH\Commands\Server\rewrite.php(47): require_once('C:\\xampp\\xampp8160\\htdocs\\ci43\\public\\index.php')
CRITICAL - 2023-12-20 03:06:31 --> Undefined array key "error"
in APPPATH\Controllers\Weather.php on line 42.
 1 APPPATH\Controllers\Weather.php(42): CodeIgniter\Debug\Exceptions->errorHandler(2, 'Undefined array key "error"', 'C:\\xampp\\xampp8160\\htdocs\\ci43\\app\\Controllers\\Weather.php', 42)
 2 SYSTEMPATH\CodeIgniter.php(942): App\Controllers\Weather->getLocation()
 3 SYSTEMPATH\CodeIgniter.php(502): CodeIgniter\CodeIgniter->runController(Object(App\Controllers\Weather))
 4 SYSTEMPATH\CodeIgniter.php(361): CodeIgniter\CodeIgniter->handleRequest(null, Object(Config\Cache), false)
 5 FCPATH\index.php(79): CodeIgniter\CodeIgniter->run()
 6 SYSTEMPATH\Commands\Server\rewrite.php(47): require_once('C:\\xampp\\xampp8160\\htdocs\\ci43\\public\\index.php')
CRITICAL - 2023-12-20 03:32:42 --> Undefined variable $data
in APPPATH\Controllers\Weather.php on line 22.
 1 APPPATH\Controllers\Weather.php(22): CodeIgniter\Debug\Exceptions->errorHandler(2, 'Undefined variable $data', 'C:\\xampp\\xampp8160\\htdocs\\ci43\\app\\Controllers\\Weather.php', 22)
 2 SYSTEMPATH\CodeIgniter.php(942): App\Controllers\Weather->index()
 3 SYSTEMPATH\CodeIgniter.php(502): CodeIgniter\CodeIgniter->runController(Object(App\Controllers\Weather))
 4 SYSTEMPATH\CodeIgniter.php(361): CodeIgniter\CodeIgniter->handleRequest(null, Object(Config\Cache), false)
 5 FCPATH\index.php(79): CodeIgniter\CodeIgniter->run()
 6 SYSTEMPATH\Commands\Server\rewrite.php(47): require_once('C:\\xampp\\xampp8160\\htdocs\\ci43\\public\\index.php')
CRITICAL - 2023-12-20 03:32:52 --> Undefined variable $is
in APPPATH\Views\weather\index.php on line 10.
 1 APPPATH\Views\weather\index.php(10): CodeIgniter\Debug\Exceptions->errorHandler(2, 'Undefined variable $is', 'C:\\xampp\\xampp8160\\htdocs\\ci43\\app\\Views\\weather\\index.php', 10)
 2 SYSTEMPATH\View\View.php(228): include('C:\\xampp\\xampp8160\\htdocs\\ci43\\app\\Views\\weather\\index.php')
 3 SYSTEMPATH\View\View.php(231): CodeIgniter\View\View->CodeIgniter\View\{closure}()
 4 SYSTEMPATH\Common.php(1190): CodeIgniter\View\View->render('weather/index', [], true)
 5 APPPATH\Controllers\Weather.php(22): view('weather/index')
 6 SYSTEMPATH\CodeIgniter.php(942): App\Controllers\Weather->index()
 7 SYSTEMPATH\CodeIgniter.php(502): CodeIgniter\CodeIgniter->runController(Object(App\Controllers\Weather))
 8 SYSTEMPATH\CodeIgniter.php(361): CodeIgniter\CodeIgniter->handleRequest(null, Object(Config\Cache), false)
 9 FCPATH\index.php(79): CodeIgniter\CodeIgniter->run()
10 SYSTEMPATH\Commands\Server\rewrite.php(47): require_once('C:\\xampp\\xampp8160\\htdocs\\ci43\\public\\index.php')
CRITICAL - 2023-12-20 03:32:59 --> Undefined variable $is
in APPPATH\Views\weather\index.php on line 10.
 1 APPPATH\Views\weather\index.php(10): CodeIgniter\Debug\Exceptions->errorHandler(2, 'Undefined variable $is', 'C:\\xampp\\xampp8160\\htdocs\\ci43\\app\\Views\\weather\\index.php', 10)
 2 SYSTEMPATH\View\View.php(228): include('C:\\xampp\\xampp8160\\htdocs\\ci43\\app\\Views\\weather\\index.php')
 3 SYSTEMPATH\View\View.php(231): CodeIgniter\View\View->CodeIgniter\View\{closure}()
 4 SYSTEMPATH\Common.php(1190): CodeIgniter\View\View->render('weather/index', [], true)
 5 APPPATH\Controllers\Weather.php(22): view('weather/index')
 6 SYSTEMPATH\CodeIgniter.php(942): App\Controllers\Weather->index()
 7 SYSTEMPATH\CodeIgniter.php(502): CodeIgniter\CodeIgniter->runController(Object(App\Controllers\Weather))
 8 SYSTEMPATH\CodeIgniter.php(361): CodeIgniter\CodeIgniter->handleRequest(null, Object(Config\Cache), false)
 9 FCPATH\index.php(79): CodeIgniter\CodeIgniter->run()
10 SYSTEMPATH\Commands\Server\rewrite.php(47): require_once('C:\\xampp\\xampp8160\\htdocs\\ci43\\public\\index.php')
CRITICAL - 2023-12-20 03:33:09 --> Undefined variable $is
in APPPATH\Views\weather\index.php on line 10.
 1 APPPATH\Views\weather\index.php(10): CodeIgniter\Debug\Exceptions->errorHandler(2, 'Undefined variable $is', 'C:\\xampp\\xampp8160\\htdocs\\ci43\\app\\Views\\weather\\index.php', 10)
 2 SYSTEMPATH\View\View.php(228): include('C:\\xampp\\xampp8160\\htdocs\\ci43\\app\\Views\\weather\\index.php')
 3 SYSTEMPATH\View\View.php(231): CodeIgniter\View\View->CodeIgniter\View\{closure}()
 4 SYSTEMPATH\Common.php(1190): CodeIgniter\View\View->render('weather/index', [], true)
 5 APPPATH\Controllers\Weather.php(22): view('weather/index')
 6 SYSTEMPATH\CodeIgniter.php(942): App\Controllers\Weather->index()
 7 SYSTEMPATH\CodeIgniter.php(502): CodeIgniter\CodeIgniter->runController(Object(App\Controllers\Weather))
 8 SYSTEMPATH\CodeIgniter.php(361): CodeIgniter\CodeIgniter->handleRequest(null, Object(Config\Cache), false)
 9 FCPATH\index.php(79): CodeIgniter\CodeIgniter->run()
10 SYSTEMPATH\Commands\Server\rewrite.php(47): require_once('C:\\xampp\\xampp8160\\htdocs\\ci43\\public\\index.php')
CRITICAL - 2023-12-20 03:33:10 --> Undefined variable $is
in APPPATH\Views\weather\index.php on line 10.
 1 APPPATH\Views\weather\index.php(10): CodeIgniter\Debug\Exceptions->errorHandler(2, 'Undefined variable $is', 'C:\\xampp\\xampp8160\\htdocs\\ci43\\app\\Views\\weather\\index.php', 10)
 2 SYSTEMPATH\View\View.php(228): include('C:\\xampp\\xampp8160\\htdocs\\ci43\\app\\Views\\weather\\index.php')
 3 SYSTEMPATH\View\View.php(231): CodeIgniter\View\View->CodeIgniter\View\{closure}()
 4 SYSTEMPATH\Common.php(1190): CodeIgniter\View\View->render('weather/index', [], true)
 5 APPPATH\Controllers\Weather.php(22): view('weather/index')
 6 SYSTEMPATH\CodeIgniter.php(942): App\Controllers\Weather->index()
 7 SYSTEMPATH\CodeIgniter.php(502): CodeIgniter\CodeIgniter->runController(Object(App\Controllers\Weather))
 8 SYSTEMPATH\CodeIgniter.php(361): CodeIgniter\CodeIgniter->handleRequest(null, Object(Config\Cache), false)
 9 FCPATH\index.php(79): CodeIgniter\CodeIgniter->run()
10 SYSTEMPATH\Commands\Server\rewrite.php(47): require_once('C:\\xampp\\xampp8160\\htdocs\\ci43\\public\\index.php')
CRITICAL - 2023-12-20 03:33:31 --> Undefined variable $is
in APPPATH\Views\weather\index.php on line 10.
 1 APPPATH\Views\weather\index.php(10): CodeIgniter\Debug\Exceptions->errorHandler(2, 'Undefined variable $is', 'C:\\xampp\\xampp8160\\htdocs\\ci43\\app\\Views\\weather\\index.php', 10)
 2 SYSTEMPATH\View\View.php(228): include('C:\\xampp\\xampp8160\\htdocs\\ci43\\app\\Views\\weather\\index.php')
 3 SYSTEMPATH\View\View.php(231): CodeIgniter\View\View->CodeIgniter\View\{closure}()
 4 SYSTEMPATH\Common.php(1190): CodeIgniter\View\View->render('weather/index', [], true)
 5 APPPATH\Controllers\Weather.php(22): view('weather/index')
 6 SYSTEMPATH\CodeIgniter.php(942): App\Controllers\Weather->index()
 7 SYSTEMPATH\CodeIgniter.php(502): CodeIgniter\CodeIgniter->runController(Object(App\Controllers\Weather))
 8 SYSTEMPATH\CodeIgniter.php(361): CodeIgniter\CodeIgniter->handleRequest(null, Object(Config\Cache), false)
 9 FCPATH\index.php(79): CodeIgniter\CodeIgniter->run()
10 SYSTEMPATH\Commands\Server\rewrite.php(47): require_once('C:\\xampp\\xampp8160\\htdocs\\ci43\\public\\index.php')
CRITICAL - 2023-12-20 03:34:01 --> Undefined variable $is
in APPPATH\Views\weather\index.php on line 10.
 1 APPPATH\Views\weather\index.php(10): CodeIgniter\Debug\Exceptions->errorHandler(2, 'Undefined variable $is', 'C:\\xampp\\xampp8160\\htdocs\\ci43\\app\\Views\\weather\\index.php', 10)
 2 SYSTEMPATH\View\View.php(228): include('C:\\xampp\\xampp8160\\htdocs\\ci43\\app\\Views\\weather\\index.php')
 3 SYSTEMPATH\View\View.php(231): CodeIgniter\View\View->CodeIgniter\View\{closure}()
 4 SYSTEMPATH\Common.php(1190): CodeIgniter\View\View->render('weather/index', [], true)
 5 APPPATH\Controllers\Weather.php(22): view('weather/index')
 6 SYSTEMPATH\CodeIgniter.php(942): App\Controllers\Weather->index()
 7 SYSTEMPATH\CodeIgniter.php(502): CodeIgniter\CodeIgniter->runController(Object(App\Controllers\Weather))
 8 SYSTEMPATH\CodeIgniter.php(361): CodeIgniter\CodeIgniter->handleRequest(null, Object(Config\Cache), false)
 9 FCPATH\index.php(79): CodeIgniter\CodeIgniter->run()
10 SYSTEMPATH\Commands\Server\rewrite.php(47): require_once('C:\\xampp\\xampp8160\\htdocs\\ci43\\public\\index.php')
CRITICAL - 2023-12-20 03:57:06 --> var_dump() expects at least 1 argument, 0 given
in APPPATH\Controllers\Weather.php on line 22.
 1 APPPATH\Controllers\Weather.php(22): var_dump()
 2 SYSTEMPATH\CodeIgniter.php(942): App\Controllers\Weather->index()
 3 SYSTEMPATH\CodeIgniter.php(502): CodeIgniter\CodeIgniter->runController(Object(App\Controllers\Weather))
 4 SYSTEMPATH\CodeIgniter.php(361): CodeIgniter\CodeIgniter->handleRequest(null, Object(Config\Cache), false)
 5 FCPATH\index.php(79): CodeIgniter\CodeIgniter->run()
 6 SYSTEMPATH\Commands\Server\rewrite.php(47): require_once('C:\\xampp\\xampp8160\\htdocs\\ci43\\public\\index.php')
CRITICAL - 2023-12-20 03:57:08 --> var_dump() expects at least 1 argument, 0 given
in APPPATH\Controllers\Weather.php on line 22.
 1 APPPATH\Controllers\Weather.php(22): var_dump()
 2 SYSTEMPATH\CodeIgniter.php(942): App\Controllers\Weather->index()
 3 SYSTEMPATH\CodeIgniter.php(502): CodeIgniter\CodeIgniter->runController(Object(App\Controllers\Weather))
 4 SYSTEMPATH\CodeIgniter.php(361): CodeIgniter\CodeIgniter->handleRequest(null, Object(Config\Cache), false)
 5 FCPATH\index.php(79): CodeIgniter\CodeIgniter->run()
 6 SYSTEMPATH\Commands\Server\rewrite.php(47): require_once('C:\\xampp\\xampp8160\\htdocs\\ci43\\public\\index.php')
CRITICAL - 2023-12-20 03:57:41 --> var_dump() expects at least 1 argument, 0 given
in APPPATH\Controllers\Weather.php on line 22.
 1 APPPATH\Controllers\Weather.php(22): var_dump()
 2 SYSTEMPATH\CodeIgniter.php(942): App\Controllers\Weather->index()
 3 SYSTEMPATH\CodeIgniter.php(502): CodeIgniter\CodeIgniter->runController(Object(App\Controllers\Weather))
 4 SYSTEMPATH\CodeIgniter.php(361): CodeIgniter\CodeIgniter->handleRequest(null, Object(Config\Cache), false)
 5 FCPATH\index.php(79): CodeIgniter\CodeIgniter->run()
 6 SYSTEMPATH\Commands\Server\rewrite.php(47): require_once('C:\\xampp\\xampp8160\\htdocs\\ci43\\public\\index.php')
CRITICAL - 2023-12-20 03:57:44 --> var_dump() expects at least 1 argument, 0 given
in APPPATH\Controllers\Weather.php on line 22.
 1 APPPATH\Controllers\Weather.php(22): var_dump()
 2 SYSTEMPATH\CodeIgniter.php(942): App\Controllers\Weather->index()
 3 SYSTEMPATH\CodeIgniter.php(502): CodeIgniter\CodeIgniter->runController(Object(App\Controllers\Weather))
 4 SYSTEMPATH\CodeIgniter.php(361): CodeIgniter\CodeIgniter->handleRequest(null, Object(Config\Cache), false)
 5 FCPATH\index.php(79): CodeIgniter\CodeIgniter->run()
 6 SYSTEMPATH\Commands\Server\rewrite.php(47): require_once('C:\\xampp\\xampp8160\\htdocs\\ci43\\public\\index.php')
CRITICAL - 2023-12-20 04:01:44 --> Array to string conversion
in APPPATH\Controllers\Weather.php on line 23.
 1 APPPATH\Controllers\Weather.php(23): CodeIgniter\Debug\Exceptions->errorHandler(2, 'Array to string conversion', 'C:\\xampp\\xampp8160\\htdocs\\ci43\\app\\Controllers\\Weather.php', 23)
 2 SYSTEMPATH\CodeIgniter.php(942): App\Controllers\Weather->index()
 3 SYSTEMPATH\CodeIgniter.php(502): CodeIgniter\CodeIgniter->runController(Object(App\Controllers\Weather))
 4 SYSTEMPATH\CodeIgniter.php(361): CodeIgniter\CodeIgniter->handleRequest(null, Object(Config\Cache), false)
 5 FCPATH\index.php(79): CodeIgniter\CodeIgniter->run()
 6 SYSTEMPATH\Commands\Server\rewrite.php(47): require_once('C:\\xampp\\xampp8160\\htdocs\\ci43\\public\\index.php')
CRITICAL - 2023-12-20 04:17:28 --> Trying to access array offset on value of type null
in APPPATH\Controllers\Weather.php on line 23.
 1 APPPATH\Controllers\Weather.php(23): CodeIgniter\Debug\Exceptions->errorHandler(2, 'Trying to access array offset on value of type null', 'C:\\xampp\\xampp8160\\htdocs\\ci43\\app\\Controllers\\Weather.php', 23)
 2 SYSTEMPATH\CodeIgniter.php(942): App\Controllers\Weather->index()
 3 SYSTEMPATH\CodeIgniter.php(502): CodeIgniter\CodeIgniter->runController(Object(App\Controllers\Weather))
 4 SYSTEMPATH\CodeIgniter.php(361): CodeIgniter\CodeIgniter->handleRequest(null, Object(Config\Cache), false)
 5 FCPATH\index.php(79): CodeIgniter\CodeIgniter->run()
 6 SYSTEMPATH\Commands\Server\rewrite.php(47): require_once('C:\\xampp\\xampp8160\\htdocs\\ci43\\public\\index.php')
CRITICAL - 2023-12-20 04:17:33 --> Trying to access array offset on value of type null
in APPPATH\Controllers\Weather.php on line 23.
 1 APPPATH\Controllers\Weather.php(23): CodeIgniter\Debug\Exceptions->errorHandler(2, 'Trying to access array offset on value of type null', 'C:\\xampp\\xampp8160\\htdocs\\ci43\\app\\Controllers\\Weather.php', 23)
 2 SYSTEMPATH\CodeIgniter.php(942): App\Controllers\Weather->index()
 3 SYSTEMPATH\CodeIgniter.php(502): CodeIgniter\CodeIgniter->runController(Object(App\Controllers\Weather))
 4 SYSTEMPATH\CodeIgniter.php(361): CodeIgniter\CodeIgniter->handleRequest(null, Object(Config\Cache), false)
 5 FCPATH\index.php(79): CodeIgniter\CodeIgniter->run()
 6 SYSTEMPATH\Commands\Server\rewrite.php(47): require_once('C:\\xampp\\xampp8160\\htdocs\\ci43\\public\\index.php')
CRITICAL - 2023-12-20 04:32:33 --> 28 : Connection timed out after 3001 milliseconds
in SYSTEMPATH\HTTP\CURLRequest.php on line 693.
 1 SYSTEMPATH\HTTP\CURLRequest.php(693): CodeIgniter\HTTP\Exceptions\HTTPException::forCurlError('28', 'Connection timed out after 3001 milliseconds')
 2 SYSTEMPATH\HTTP\CURLRequest.php(387): CodeIgniter\HTTP\CURLRequest->sendRequest([...])
 3 SYSTEMPATH\HTTP\CURLRequest.php(145): CodeIgniter\HTTP\CURLRequest->send('get', 'http://api.weatherapi.com/v1/current.json?key=4174a14776194518bfc94658231612&q=dsf')
 4 SYSTEMPATH\HTTP\CURLRequest.php(180): CodeIgniter\HTTP\CURLRequest->request('get', 'http://api.weatherapi.com/v1/current.json', [])
 5 APPPATH\Controllers\Weather.php(43): CodeIgniter\HTTP\CURLRequest->get('current.json')
 6 SYSTEMPATH\CodeIgniter.php(942): App\Controllers\Weather->getLocation()
 7 SYSTEMPATH\CodeIgniter.php(502): CodeIgniter\CodeIgniter->runController(Object(App\Controllers\Weather))
 8 SYSTEMPATH\CodeIgniter.php(361): CodeIgniter\CodeIgniter->handleRequest(null, Object(Config\Cache), false)
 9 FCPATH\index.php(79): CodeIgniter\CodeIgniter->run()
10 SYSTEMPATH\Commands\Server\rewrite.php(47): require_once('C:\\xampp\\xampp8160\\htdocs\\ci43\\public\\index.php')
CRITICAL - 2023-12-20 04:58:48 --> Trying to access array offset on value of type null
in APPPATH\Controllers\Weather.php on line 26.
 1 APPPATH\Controllers\Weather.php(26): CodeIgniter\Debug\Exceptions->errorHandler(2, 'Trying to access array offset on value of type null', 'C:\\xampp\\xampp8160\\htdocs\\ci43\\app\\Controllers\\Weather.php', 26)
 2 SYSTEMPATH\CodeIgniter.php(942): App\Controllers\Weather->index()
 3 SYSTEMPATH\CodeIgniter.php(502): CodeIgniter\CodeIgniter->runController(Object(App\Controllers\Weather))
 4 SYSTEMPATH\CodeIgniter.php(361): CodeIgniter\CodeIgniter->handleRequest(null, Object(Config\Cache), false)
 5 FCPATH\index.php(79): CodeIgniter\CodeIgniter->run()
 6 SYSTEMPATH\Commands\Server\rewrite.php(47): require_once('C:\\xampp\\xampp8160\\htdocs\\ci43\\public\\index.php')
CRITICAL - 2023-12-20 04:58:56 --> Trying to access array offset on value of type null
in APPPATH\Controllers\Weather.php on line 26.
 1 APPPATH\Controllers\Weather.php(26): CodeIgniter\Debug\Exceptions->errorHandler(2, 'Trying to access array offset on value of type null', 'C:\\xampp\\xampp8160\\htdocs\\ci43\\app\\Controllers\\Weather.php', 26)
 2 SYSTEMPATH\CodeIgniter.php(942): App\Controllers\Weather->index()
 3 SYSTEMPATH\CodeIgniter.php(502): CodeIgniter\CodeIgniter->runController(Object(App\Controllers\Weather))
 4 SYSTEMPATH\CodeIgniter.php(361): CodeIgniter\CodeIgniter->handleRequest(null, Object(Config\Cache), false)
 5 FCPATH\index.php(79): CodeIgniter\CodeIgniter->run()
 6 SYSTEMPATH\Commands\Server\rewrite.php(47): require_once('C:\\xampp\\xampp8160\\htdocs\\ci43\\public\\index.php')
CRITICAL - 2023-12-20 04:59:27 --> Trying to access array offset on value of type null
in APPPATH\Controllers\Weather.php on line 26.
 1 APPPATH\Controllers\Weather.php(26): CodeIgniter\Debug\Exceptions->errorHandler(2, 'Trying to access array offset on value of type null', 'C:\\xampp\\xampp8160\\htdocs\\ci43\\app\\Controllers\\Weather.php', 26)
 2 SYSTEMPATH\CodeIgniter.php(942): App\Controllers\Weather->index()
 3 SYSTEMPATH\CodeIgniter.php(502): CodeIgniter\CodeIgniter->runController(Object(App\Controllers\Weather))
 4 SYSTEMPATH\CodeIgniter.php(361): CodeIgniter\CodeIgniter->handleRequest(null, Object(Config\Cache), false)
 5 FCPATH\index.php(79): CodeIgniter\CodeIgniter->run()
 6 SYSTEMPATH\Commands\Server\rewrite.php(47): require_once('C:\\xampp\\xampp8160\\htdocs\\ci43\\public\\index.php')
CRITICAL - 2023-12-20 04:59:55 --> Trying to access array offset on value of type null
in APPPATH\Controllers\Weather.php on line 26.
 1 APPPATH\Controllers\Weather.php(26): CodeIgniter\Debug\Exceptions->errorHandler(2, 'Trying to access array offset on value of type null', 'C:\\xampp\\xampp8160\\htdocs\\ci43\\app\\Controllers\\Weather.php', 26)
 2 SYSTEMPATH\CodeIgniter.php(942): App\Controllers\Weather->index()
 3 SYSTEMPATH\CodeIgniter.php(502): CodeIgniter\CodeIgniter->runController(Object(App\Controllers\Weather))
 4 SYSTEMPATH\CodeIgniter.php(361): CodeIgniter\CodeIgniter->handleRequest(null, Object(Config\Cache), false)
 5 FCPATH\index.php(79): CodeIgniter\CodeIgniter->run()
 6 SYSTEMPATH\Commands\Server\rewrite.php(47): require_once('C:\\xampp\\xampp8160\\htdocs\\ci43\\public\\index.php')
CRITICAL - 2023-12-20 04:59:59 --> Trying to access array offset on value of type null
in APPPATH\Controllers\Weather.php on line 26.
 1 APPPATH\Controllers\Weather.php(26): CodeIgniter\Debug\Exceptions->errorHandler(2, 'Trying to access array offset on value of type null', 'C:\\xampp\\xampp8160\\htdocs\\ci43\\app\\Controllers\\Weather.php', 26)
 2 SYSTEMPATH\CodeIgniter.php(942): App\Controllers\Weather->index()
 3 SYSTEMPATH\CodeIgniter.php(502): CodeIgniter\CodeIgniter->runController(Object(App\Controllers\Weather))
 4 SYSTEMPATH\CodeIgniter.php(361): CodeIgniter\CodeIgniter->handleRequest(null, Object(Config\Cache), false)
 5 FCPATH\index.php(79): CodeIgniter\CodeIgniter->run()
 6 SYSTEMPATH\Commands\Server\rewrite.php(47): require_once('C:\\xampp\\xampp8160\\htdocs\\ci43\\public\\index.php')
CRITICAL - 2023-12-20 05:00:00 --> Trying to access array offset on value of type null
in APPPATH\Controllers\Weather.php on line 26.
 1 APPPATH\Controllers\Weather.php(26): CodeIgniter\Debug\Exceptions->errorHandler(2, 'Trying to access array offset on value of type null', 'C:\\xampp\\xampp8160\\htdocs\\ci43\\app\\Controllers\\Weather.php', 26)
 2 SYSTEMPATH\CodeIgniter.php(942): App\Controllers\Weather->index()
 3 SYSTEMPATH\CodeIgniter.php(502): CodeIgniter\CodeIgniter->runController(Object(App\Controllers\Weather))
 4 SYSTEMPATH\CodeIgniter.php(361): CodeIgniter\CodeIgniter->handleRequest(null, Object(Config\Cache), false)
 5 FCPATH\index.php(79): CodeIgniter\CodeIgniter->run()
 6 SYSTEMPATH\Commands\Server\rewrite.php(47): require_once('C:\\xampp\\xampp8160\\htdocs\\ci43\\public\\index.php')
CRITICAL - 2023-12-20 05:00:09 --> Trying to access array offset on value of type null
in APPPATH\Controllers\Weather.php on line 26.
 1 APPPATH\Controllers\Weather.php(26): CodeIgniter\Debug\Exceptions->errorHandler(2, 'Trying to access array offset on value of type null', 'C:\\xampp\\xampp8160\\htdocs\\ci43\\app\\Controllers\\Weather.php', 26)
 2 SYSTEMPATH\CodeIgniter.php(942): App\Controllers\Weather->index()
 3 SYSTEMPATH\CodeIgniter.php(502): CodeIgniter\CodeIgniter->runController(Object(App\Controllers\Weather))
 4 SYSTEMPATH\CodeIgniter.php(361): CodeIgniter\CodeIgniter->handleRequest(null, Object(Config\Cache), false)
 5 FCPATH\index.php(79): CodeIgniter\CodeIgniter->run()
 6 SYSTEMPATH\Commands\Server\rewrite.php(47): require_once('C:\\xampp\\xampp8160\\htdocs\\ci43\\public\\index.php')
CRITICAL - 2023-12-20 05:00:17 --> Trying to access array offset on value of type null
in APPPATH\Controllers\Weather.php on line 26.
 1 APPPATH\Controllers\Weather.php(26): CodeIgniter\Debug\Exceptions->errorHandler(2, 'Trying to access array offset on value of type null', 'C:\\xampp\\xampp8160\\htdocs\\ci43\\app\\Controllers\\Weather.php', 26)
 2 SYSTEMPATH\CodeIgniter.php(942): App\Controllers\Weather->index()
 3 SYSTEMPATH\CodeIgniter.php(502): CodeIgniter\CodeIgniter->runController(Object(App\Controllers\Weather))
 4 SYSTEMPATH\CodeIgniter.php(361): CodeIgniter\CodeIgniter->handleRequest(null, Object(Config\Cache), false)
 5 FCPATH\index.php(79): CodeIgniter\CodeIgniter->run()
 6 SYSTEMPATH\Commands\Server\rewrite.php(47): require_once('C:\\xampp\\xampp8160\\htdocs\\ci43\\public\\index.php')
CRITICAL - 2023-12-20 05:00:23 --> Trying to access array offset on value of type null
in APPPATH\Controllers\Weather.php on line 26.
 1 APPPATH\Controllers\Weather.php(26): CodeIgniter\Debug\Exceptions->errorHandler(2, 'Trying to access array offset on value of type null', 'C:\\xampp\\xampp8160\\htdocs\\ci43\\app\\Controllers\\Weather.php', 26)
 2 SYSTEMPATH\CodeIgniter.php(942): App\Controllers\Weather->index()
 3 SYSTEMPATH\CodeIgniter.php(502): CodeIgniter\CodeIgniter->runController(Object(App\Controllers\Weather))
 4 SYSTEMPATH\CodeIgniter.php(361): CodeIgniter\CodeIgniter->handleRequest(null, Object(Config\Cache), false)
 5 FCPATH\index.php(79): CodeIgniter\CodeIgniter->run()
 6 SYSTEMPATH\Commands\Server\rewrite.php(47): require_once('C:\\xampp\\xampp8160\\htdocs\\ci43\\public\\index.php')
CRITICAL - 2023-12-20 05:32:37 --> Call to a member function delete() on array
in APPPATH\Controllers\Weather.php on line 12.
 1 SYSTEMPATH\CodeIgniter.php(942): App\Controllers\Weather->index()
 2 SYSTEMPATH\CodeIgniter.php(502): CodeIgniter\CodeIgniter->runController(Object(App\Controllers\Weather))
 3 SYSTEMPATH\CodeIgniter.php(361): CodeIgniter\CodeIgniter->handleRequest(null, Object(Config\Cache), false)
 4 FCPATH\index.php(79): CodeIgniter\CodeIgniter->run()
 5 SYSTEMPATH\Commands\Server\rewrite.php(47): require_once('C:\\xampp\\xampp8160\\htdocs\\ci43\\public\\index.php')
CRITICAL - 2023-12-20 05:32:39 --> Call to a member function delete() on array
in APPPATH\Controllers\Weather.php on line 12.
 1 SYSTEMPATH\CodeIgniter.php(942): App\Controllers\Weather->index()
 2 SYSTEMPATH\CodeIgniter.php(502): CodeIgniter\CodeIgniter->runController(Object(App\Controllers\Weather))
 3 SYSTEMPATH\CodeIgniter.php(361): CodeIgniter\CodeIgniter->handleRequest(null, Object(Config\Cache), false)
 4 FCPATH\index.php(79): CodeIgniter\CodeIgniter->run()
 5 SYSTEMPATH\Commands\Server\rewrite.php(47): require_once('C:\\xampp\\xampp8160\\htdocs\\ci43\\public\\index.php')
CRITICAL - 2023-12-20 05:34:11 --> Call to a member function delete() on array
in APPPATH\Controllers\Weather.php on line 13.
 1 SYSTEMPATH\CodeIgniter.php(942): App\Controllers\Weather->index()
 2 SYSTEMPATH\CodeIgniter.php(502): CodeIgniter\CodeIgniter->runController(Object(App\Controllers\Weather))
 3 SYSTEMPATH\CodeIgniter.php(361): CodeIgniter\CodeIgniter->handleRequest(null, Object(Config\Cache), false)
 4 FCPATH\index.php(79): CodeIgniter\CodeIgniter->run()
 5 SYSTEMPATH\Commands\Server\rewrite.php(47): require_once('C:\\xampp\\xampp8160\\htdocs\\ci43\\public\\index.php')
CRITICAL - 2023-12-20 05:35:10 --> 28 : Resolving timed out after 3000 milliseconds
in SYSTEMPATH\HTTP\CURLRequest.php on line 693.
 1 SYSTEMPATH\HTTP\CURLRequest.php(693): CodeIgniter\HTTP\Exceptions\HTTPException::forCurlError('28', 'Resolving timed out after 3000 milliseconds')
 2 SYSTEMPATH\HTTP\CURLRequest.php(387): CodeIgniter\HTTP\CURLRequest->sendRequest([...])
 3 SYSTEMPATH\HTTP\CURLRequest.php(145): CodeIgniter\HTTP\CURLRequest->send('get', 'http://api.weatherapi.com/v1/current.json?key=4174a14776194518bfc94658231612&q=dassd')
 4 SYSTEMPATH\HTTP\CURLRequest.php(180): CodeIgniter\HTTP\CURLRequest->request('get', 'http://api.weatherapi.com/v1/current.json', [])
 5 APPPATH\Controllers\Weather.php(40): CodeIgniter\HTTP\CURLRequest->get('current.json')
 6 SYSTEMPATH\CodeIgniter.php(942): App\Controllers\Weather->getLocation()
 7 SYSTEMPATH\CodeIgniter.php(502): CodeIgniter\CodeIgniter->runController(Object(App\Controllers\Weather))
 8 SYSTEMPATH\CodeIgniter.php(361): CodeIgniter\CodeIgniter->handleRequest(null, Object(Config\Cache), false)
 9 FCPATH\index.php(79): CodeIgniter\CodeIgniter->run()
10 SYSTEMPATH\Commands\Server\rewrite.php(47): require_once('C:\\xampp\\xampp8160\\htdocs\\ci43\\public\\index.php')
CRITICAL - 2023-12-20 05:50:20 --> 28 : Operation timed out after 3000 milliseconds with 0 bytes received
in SYSTEMPATH\HTTP\CURLRequest.php on line 693.
 1 SYSTEMPATH\HTTP\CURLRequest.php(693): CodeIgniter\HTTP\Exceptions\HTTPException::forCurlError('28', 'Operation timed out after 3000 milliseconds with 0 bytes received')
 2 SYSTEMPATH\HTTP\CURLRequest.php(387): CodeIgniter\HTTP\CURLRequest->sendRequest([...])
 3 SYSTEMPATH\HTTP\CURLRequest.php(145): CodeIgniter\HTTP\CURLRequest->send('get', 'http://api.weatherapi.com/v1/current.json?key=4174a14776194518bfc94658231612&q=jja')
 4 SYSTEMPATH\HTTP\CURLRequest.php(180): CodeIgniter\HTTP\CURLRequest->request('get', 'http://api.weatherapi.com/v1/current.json', [])
 5 APPPATH\Controllers\Weather.php(42): CodeIgniter\HTTP\CURLRequest->get('current.json')
 6 SYSTEMPATH\CodeIgniter.php(942): App\Controllers\Weather->getLocation()
 7 SYSTEMPATH\CodeIgniter.php(502): CodeIgniter\CodeIgniter->runController(Object(App\Controllers\Weather))
 8 SYSTEMPATH\CodeIgniter.php(361): CodeIgniter\CodeIgniter->handleRequest(null, Object(Config\Cache), false)
 9 FCPATH\index.php(79): CodeIgniter\CodeIgniter->run()
10 SYSTEMPATH\Commands\Server\rewrite.php(47): require_once('C:\\xampp\\xampp8160\\htdocs\\ci43\\public\\index.php')
CRITICAL - 2023-12-20 05:51:58 --> 28 : Operation timed out after 3000 milliseconds with 0 bytes received
in SYSTEMPATH\HTTP\CURLRequest.php on line 693.
 1 SYSTEMPATH\HTTP\CURLRequest.php(693): CodeIgniter\HTTP\Exceptions\HTTPException::forCurlError('28', 'Operation timed out after 3000 milliseconds with 0 bytes received')
 2 SYSTEMPATH\HTTP\CURLRequest.php(387): CodeIgniter\HTTP\CURLRequest->sendRequest([...])
 3 SYSTEMPATH\HTTP\CURLRequest.php(145): CodeIgniter\HTTP\CURLRequest->send('get', 'http://api.weatherapi.com/v1/current.json?key=4174a14776194518bfc94658231612&q=jja')
 4 SYSTEMPATH\HTTP\CURLRequest.php(180): CodeIgniter\HTTP\CURLRequest->request('get', 'http://api.weatherapi.com/v1/current.json', [])
 5 APPPATH\Controllers\Weather.php(41): CodeIgniter\HTTP\CURLRequest->get('current.json')
 6 SYSTEMPATH\CodeIgniter.php(942): App\Controllers\Weather->getLocation()
 7 SYSTEMPATH\CodeIgniter.php(502): CodeIgniter\CodeIgniter->runController(Object(App\Controllers\Weather))
 8 SYSTEMPATH\CodeIgniter.php(361): CodeIgniter\CodeIgniter->handleRequest(null, Object(Config\Cache), false)
 9 FCPATH\index.php(79): CodeIgniter\CodeIgniter->run()
10 SYSTEMPATH\Commands\Server\rewrite.php(47): require_once('C:\\xampp\\xampp8160\\htdocs\\ci43\\public\\index.php')
CRITICAL - 2023-12-20 05:52:30 --> 28 : Operation timed out after 3000 milliseconds with 0 bytes received
in SYSTEMPATH\HTTP\CURLRequest.php on line 693.
 1 SYSTEMPATH\HTTP\CURLRequest.php(693): CodeIgniter\HTTP\Exceptions\HTTPException::forCurlError('28', 'Operation timed out after 3000 milliseconds with 0 bytes received')
 2 SYSTEMPATH\HTTP\CURLRequest.php(387): CodeIgniter\HTTP\CURLRequest->sendRequest([...])
 3 SYSTEMPATH\HTTP\CURLRequest.php(145): CodeIgniter\HTTP\CURLRequest->send('get', 'http://api.weatherapi.com/v1/current.json?key=4174a14776194518bfc94658231612&q=jogja')
 4 SYSTEMPATH\HTTP\CURLRequest.php(180): CodeIgniter\HTTP\CURLRequest->request('get', 'http://api.weatherapi.com/v1/current.json', [])
 5 APPPATH\Controllers\Weather.php(41): CodeIgniter\HTTP\CURLRequest->get('current.json')
 6 SYSTEMPATH\CodeIgniter.php(942): App\Controllers\Weather->getLocation()
 7 SYSTEMPATH\CodeIgniter.php(502): CodeIgniter\CodeIgniter->runController(Object(App\Controllers\Weather))
 8 SYSTEMPATH\CodeIgniter.php(361): CodeIgniter\CodeIgniter->handleRequest(null, Object(Config\Cache), false)
 9 FCPATH\index.php(79): CodeIgniter\CodeIgniter->run()
10 SYSTEMPATH\Commands\Server\rewrite.php(47): require_once('C:\\xampp\\xampp8160\\htdocs\\ci43\\public\\index.php')
CRITICAL - 2023-12-20 05:52:40 --> 28 : Operation timed out after 3000 milliseconds with 0 bytes received
in SYSTEMPATH\HTTP\CURLRequest.php on line 693.
 1 SYSTEMPATH\HTTP\CURLRequest.php(693): CodeIgniter\HTTP\Exceptions\HTTPException::forCurlError('28', 'Operation timed out after 3000 milliseconds with 0 bytes received')
 2 SYSTEMPATH\HTTP\CURLRequest.php(387): CodeIgniter\HTTP\CURLRequest->sendRequest([...])
 3 SYSTEMPATH\HTTP\CURLRequest.php(145): CodeIgniter\HTTP\CURLRequest->send('get', 'http://api.weatherapi.com/v1/current.json?key=4174a14776194518bfc94658231612&q=jogja')
 4 SYSTEMPATH\HTTP\CURLRequest.php(180): CodeIgniter\HTTP\CURLRequest->request('get', 'http://api.weatherapi.com/v1/current.json', [])
 5 APPPATH\Controllers\Weather.php(41): CodeIgniter\HTTP\CURLRequest->get('current.json')
 6 SYSTEMPATH\CodeIgniter.php(942): App\Controllers\Weather->getLocation()
 7 SYSTEMPATH\CodeIgniter.php(502): CodeIgniter\CodeIgniter->runController(Object(App\Controllers\Weather))
 8 SYSTEMPATH\CodeIgniter.php(361): CodeIgniter\CodeIgniter->handleRequest(null, Object(Config\Cache), false)
 9 FCPATH\index.php(79): CodeIgniter\CodeIgniter->run()
10 SYSTEMPATH\Commands\Server\rewrite.php(47): require_once('C:\\xampp\\xampp8160\\htdocs\\ci43\\public\\index.php')
CRITICAL - 2023-12-20 08:00:54 --> 28 : Operation timed out after 3000 milliseconds with 0 out of 458 bytes received
in SYSTEMPATH\HTTP\CURLRequest.php on line 693.
 1 SYSTEMPATH\HTTP\CURLRequest.php(693): CodeIgniter\HTTP\Exceptions\HTTPException::forCurlError('28', 'Operation timed out after 3000 milliseconds with 0 out of 458 bytes received')
 2 SYSTEMPATH\HTTP\CURLRequest.php(387): CodeIgniter\HTTP\CURLRequest->sendRequest([...])
 3 SYSTEMPATH\HTTP\CURLRequest.php(145): CodeIgniter\HTTP\CURLRequest->send('get', 'http://api.weatherapi.com/v1/current.json?key=4174a14776194518bfc94658231612&q=africa')
 4 SYSTEMPATH\HTTP\CURLRequest.php(180): CodeIgniter\HTTP\CURLRequest->request('get', 'http://api.weatherapi.com/v1/current.json', [])
 5 APPPATH\Controllers\Weather.php(42): CodeIgniter\HTTP\CURLRequest->get('current.json')
 6 SYSTEMPATH\CodeIgniter.php(942): App\Controllers\Weather->getLocation()
 7 SYSTEMPATH\CodeIgniter.php(502): CodeIgniter\CodeIgniter->runController(Object(App\Controllers\Weather))
 8 SYSTEMPATH\CodeIgniter.php(361): CodeIgniter\CodeIgniter->handleRequest(null, Object(Config\Cache), false)
 9 FCPATH\index.php(79): CodeIgniter\CodeIgniter->run()
10 SYSTEMPATH\Commands\Server\rewrite.php(47): require_once('C:\\xampp\\xampp8160\\htdocs\\ci43\\public\\index.php')
CRITICAL - 2023-12-20 08:28:30 --> 28 : Resolving timed out after 3000 milliseconds
in SYSTEMPATH\HTTP\CURLRequest.php on line 693.
 1 SYSTEMPATH\HTTP\CURLRequest.php(693): CodeIgniter\HTTP\Exceptions\HTTPException::forCurlError('28', 'Resolving timed out after 3000 milliseconds')
 2 SYSTEMPATH\HTTP\CURLRequest.php(387): CodeIgniter\HTTP\CURLRequest->sendRequest([...])
 3 SYSTEMPATH\HTTP\CURLRequest.php(145): CodeIgniter\HTTP\CURLRequest->send('get', 'http://api.weatherapi.com/v1/current.json?key=4174a14776194518bfc94658231612&q=america')
 4 SYSTEMPATH\HTTP\CURLRequest.php(180): CodeIgniter\HTTP\CURLRequest->request('get', 'http://api.weatherapi.com/v1/current.json', [])
 5 APPPATH\Controllers\Weather.php(42): CodeIgniter\HTTP\CURLRequest->get('current.json')
 6 SYSTEMPATH\CodeIgniter.php(942): App\Controllers\Weather->getLocation()
 7 SYSTEMPATH\CodeIgniter.php(502): CodeIgniter\CodeIgniter->runController(Object(App\Controllers\Weather))
 8 SYSTEMPATH\CodeIgniter.php(361): CodeIgniter\CodeIgniter->handleRequest(null, Object(Config\Cache), false)
 9 FCPATH\index.php(79): CodeIgniter\CodeIgniter->run()
10 SYSTEMPATH\Commands\Server\rewrite.php(47): require_once('C:\\xampp\\xampp8160\\htdocs\\ci43\\public\\index.php')
CRITICAL - 2023-12-20 08:28:43 --> 28 : Operation timed out after 3001 milliseconds with 0 bytes received
in SYSTEMPATH\HTTP\CURLRequest.php on line 693.
 1 SYSTEMPATH\HTTP\CURLRequest.php(693): CodeIgniter\HTTP\Exceptions\HTTPException::forCurlError('28', 'Operation timed out after 3001 milliseconds with 0 bytes received')
 2 SYSTEMPATH\HTTP\CURLRequest.php(387): CodeIgniter\HTTP\CURLRequest->sendRequest([...])
 3 SYSTEMPATH\HTTP\CURLRequest.php(145): CodeIgniter\HTTP\CURLRequest->send('get', 'http://api.weatherapi.com/v1/current.json?key=4174a14776194518bfc94658231612&q=america')
 4 SYSTEMPATH\HTTP\CURLRequest.php(180): CodeIgniter\HTTP\CURLRequest->request('get', 'http://api.weatherapi.com/v1/current.json', [])
 5 APPPATH\Controllers\Weather.php(42): CodeIgniter\HTTP\CURLRequest->get('current.json')
 6 SYSTEMPATH\CodeIgniter.php(942): App\Controllers\Weather->getLocation()
 7 SYSTEMPATH\CodeIgniter.php(502): CodeIgniter\CodeIgniter->runController(Object(App\Controllers\Weather))
 8 SYSTEMPATH\CodeIgniter.php(361): CodeIgniter\CodeIgniter->handleRequest(null, Object(Config\Cache), false)
 9 FCPATH\index.php(79): CodeIgniter\CodeIgniter->run()
10 SYSTEMPATH\Commands\Server\rewrite.php(47): require_once('C:\\xampp\\xampp8160\\htdocs\\ci43\\public\\index.php')
