CRITICAL - 2023-12-18 00:14:27 --> 6 : Could not resolve host: api.weatherapi.com
in SYSTEMPATH\HTTP\CURLRequest.php on line 693.
 1 SYSTEMPATH\HTTP\CURLRequest.php(693): CodeIgniter\HTTP\Exceptions\HTTPException::forCurlError('6', 'Could not resolve host: api.weatherapi.com')
 2 SYSTEMPATH\HTTP\CURLRequest.php(387): CodeIgniter\HTTP\CURLRequest->sendRequest([...])
 3 SYSTEMPATH\HTTP\CURLRequest.php(145): CodeIgniter\HTTP\CURLRequest->send('get', 'http://api.weatherapi.com/v1/current.json?key=4174a14776194518bfc94658231612&q=yogyakarta')
 4 SYSTEMPATH\HTTP\CURLRequest.php(180): CodeIgniter\HTTP\CURLRequest->request('get', 'http://api.weatherapi.com/v1/current.json', [])
 5 APPPATH\Controllers\Weather.php(15): CodeIgniter\HTTP\CURLRequest->get('current.json')
 6 SYSTEMPATH\CodeIgniter.php(942): App\Controllers\Weather->index('yogyakarta')
 7 SYSTEMPATH\CodeIgniter.php(502): CodeIgniter\CodeIgniter->runController(Object(App\Controllers\Weather))
 8 SYSTEMPATH\CodeIgniter.php(361): CodeIgniter\CodeIgniter->handleRequest(null, Object(Config\Cache), false)
 9 FCPATH\index.php(79): CodeIgniter\CodeIgniter->run()
10 SYSTEMPATH\Commands\Server\rewrite.php(47): require_once('C:\\xampp\\xampp8160\\htdocs\\ci43\\public\\index.php')
CRITICAL - 2023-12-18 00:49:23 --> 28 : Resolving timed out after 3003 milliseconds
in SYSTEMPATH\HTTP\CURLRequest.php on line 693.
 1 SYSTEMPATH\HTTP\CURLRequest.php(693): CodeIgniter\HTTP\Exceptions\HTTPException::forCurlError('28', 'Resolving timed out after 3003 milliseconds')
 2 SYSTEMPATH\HTTP\CURLRequest.php(387): CodeIgniter\HTTP\CURLRequest->sendRequest([...])
 3 SYSTEMPATH\HTTP\CURLRequest.php(145): CodeIgniter\HTTP\CURLRequest->send('get', 'http://api.weatherapi.com/v1/current.json?key=4174a14776194518bfc94658231612&q=yogyakarta')
 4 SYSTEMPATH\HTTP\CURLRequest.php(180): CodeIgniter\HTTP\CURLRequest->request('get', 'http://api.weatherapi.com/v1/current.json', [])
 5 APPPATH\Controllers\Weather.php(15): CodeIgniter\HTTP\CURLRequest->get('current.json')
 6 SYSTEMPATH\CodeIgniter.php(942): App\Controllers\Weather->index('yogyakarta')
 7 SYSTEMPATH\CodeIgniter.php(502): CodeIgniter\CodeIgniter->runController(Object(App\Controllers\Weather))
 8 SYSTEMPATH\CodeIgniter.php(361): CodeIgniter\CodeIgniter->handleRequest(null, Object(Config\Cache), false)
 9 FCPATH\index.php(79): CodeIgniter\CodeIgniter->run()
10 SYSTEMPATH\Commands\Server\rewrite.php(47): require_once('C:\\xampp\\xampp8160\\htdocs\\ci43\\public\\index.php')
CRITICAL - 2023-12-18 01:37:53 --> view(): Argument #2 ($data) must be of type array, string given, called in C:\xampp\xampp8160\htdocs\ci43\app\Controllers\Weather.php on line 18
in SYSTEMPATH\Common.php on line 1178.
 1 APPPATH\Controllers\Weather.php(18): view('weather/index', '"{\\"location\\":{\\"name\\":\\"Yogyakarta\\",\\"region\\":\\"Daerah Istimewa Yogyakarta\\",\\"country\\":\\"Indonesia\\",\\"lat\\":-7.78,\\"lon\\":110.36,\\"tz_id\\":\\"Asia/Jakarta\\",\\"localtime_epoch\\":1702863451,\\"localtime\\":\\"2023-12-18 8:37\\"},\\"current\\":{\\"last_updated_epoch\\":1702863000,\\"last_updated\\":\\"2023-12-18 08:30\\",\\"temp_c\\":24.9,\\"temp_f\\":76.8,\\"is_day\\":1,\\"condition\\":{\\"text\\":\\"Partly cloudy\\",\\"icon\\":\\"//cdn.weatherapi.com/weather/64x64/day/116.png\\",\\"code\\":1003},\\"humidity\\":73,\\"cloud\\":53,\\"feelslike_c\\":26.6,\\"feelslike_f\\":80.0}}"')
 2 SYSTEMPATH\CodeIgniter.php(942): App\Controllers\Weather->index('yogyakarta')
 3 SYSTEMPATH\CodeIgniter.php(502): CodeIgniter\CodeIgniter->runController(Object(App\Controllers\Weather))
 4 SYSTEMPATH\CodeIgniter.php(361): CodeIgniter\CodeIgniter->handleRequest(null, Object(Config\Cache), false)
 5 FCPATH\index.php(79): CodeIgniter\CodeIgniter->run()
 6 SYSTEMPATH\Commands\Server\rewrite.php(47): require_once('C:\\xampp\\xampp8160\\htdocs\\ci43\\public\\index.php')
CRITICAL - 2023-12-18 01:41:28 --> view(): Argument #2 ($data) must be of type array, string given, called in C:\xampp\xampp8160\htdocs\ci43\app\Controllers\Weather.php on line 18
in SYSTEMPATH\Common.php on line 1178.
 1 APPPATH\Controllers\Weather.php(18): view('weather/index', '{"location":{"name":"Yogyakarta","region":"Daerah Istimewa Yogyakarta","country":"Indonesia","lat":-7.78,"lon":110.36,"tz_id":"Asia/Jakarta","localtime_epoch":1702863451,"localtime":"2023-12-18 8:37"},"current":{"last_updated_epoch":1702863000,"last_updated":"2023-12-18 08:30","temp_c":24.9,"temp_f":76.8,"is_day":1,"condition":{"text":"Partly cloudy","icon":"//cdn.weatherapi.com/weather/64x64/day/116.png","code":1003},"humidity":73,"cloud":53,"feelslike_c":26.6,"feelslike_f":80.0}}')
 2 SYSTEMPATH\CodeIgniter.php(942): App\Controllers\Weather->index('yogyakarta')
 3 SYSTEMPATH\CodeIgniter.php(502): CodeIgniter\CodeIgniter->runController(Object(App\Controllers\Weather))
 4 SYSTEMPATH\CodeIgniter.php(361): CodeIgniter\CodeIgniter->handleRequest(null, Object(Config\Cache), false)
 5 FCPATH\index.php(79): CodeIgniter\CodeIgniter->run()
 6 SYSTEMPATH\Commands\Server\rewrite.php(47): require_once('C:\\xampp\\xampp8160\\htdocs\\ci43\\public\\index.php')
CRITICAL - 2023-12-18 02:06:31 --> Cannot access offset of type string on string
in APPPATH\Controllers\Weather.php on line 18.
 1 SYSTEMPATH\CodeIgniter.php(942): App\Controllers\Weather->index('yogyakarta')
 2 SYSTEMPATH\CodeIgniter.php(502): CodeIgniter\CodeIgniter->runController(Object(App\Controllers\Weather))
 3 SYSTEMPATH\CodeIgniter.php(361): CodeIgniter\CodeIgniter->handleRequest(null, Object(Config\Cache), false)
 4 FCPATH\index.php(79): CodeIgniter\CodeIgniter->run()
 5 SYSTEMPATH\Commands\Server\rewrite.php(47): require_once('C:\\xampp\\xampp8160\\htdocs\\ci43\\public\\index.php')
CRITICAL - 2023-12-18 02:15:55 --> Attempt to read property "location" on string
in APPPATH\Controllers\Weather.php on line 18.
 1 APPPATH\Controllers\Weather.php(18): CodeIgniter\Debug\Exceptions->errorHandler(2, 'Attempt to read property "location" on string', 'C:\\xampp\\xampp8160\\htdocs\\ci43\\app\\Controllers\\Weather.php', 18)
 2 SYSTEMPATH\CodeIgniter.php(942): App\Controllers\Weather->index('yogyakarta')
 3 SYSTEMPATH\CodeIgniter.php(502): CodeIgniter\CodeIgniter->runController(Object(App\Controllers\Weather))
 4 SYSTEMPATH\CodeIgniter.php(361): CodeIgniter\CodeIgniter->handleRequest(null, Object(Config\Cache), false)
 5 FCPATH\index.php(79): CodeIgniter\CodeIgniter->run()
 6 SYSTEMPATH\Commands\Server\rewrite.php(47): require_once('C:\\xampp\\xampp8160\\htdocs\\ci43\\public\\index.php')
CRITICAL - 2023-12-18 02:23:25 --> 28 : Operation timed out after 3000 milliseconds with 0 bytes received
in SYSTEMPATH\HTTP\CURLRequest.php on line 693.
 1 SYSTEMPATH\HTTP\CURLRequest.php(693): CodeIgniter\HTTP\Exceptions\HTTPException::forCurlError('28', 'Operation timed out after 3000 milliseconds with 0 bytes received')
 2 SYSTEMPATH\HTTP\CURLRequest.php(387): CodeIgniter\HTTP\CURLRequest->sendRequest([...])
 3 SYSTEMPATH\HTTP\CURLRequest.php(145): CodeIgniter\HTTP\CURLRequest->send('get', 'http://api.weatherapi.com/v1/current.json?key=4174a14776194518bfc94658231612&q=yogyakarta')
 4 SYSTEMPATH\HTTP\CURLRequest.php(180): CodeIgniter\HTTP\CURLRequest->request('get', 'http://api.weatherapi.com/v1/current.json', [])
 5 APPPATH\Controllers\Weather.php(15): CodeIgniter\HTTP\CURLRequest->get('current.json')
 6 SYSTEMPATH\CodeIgniter.php(942): App\Controllers\Weather->index('yogyakarta')
 7 SYSTEMPATH\CodeIgniter.php(502): CodeIgniter\CodeIgniter->runController(Object(App\Controllers\Weather))
 8 SYSTEMPATH\CodeIgniter.php(361): CodeIgniter\CodeIgniter->handleRequest(null, Object(Config\Cache), false)
 9 FCPATH\index.php(79): CodeIgniter\CodeIgniter->run()
10 SYSTEMPATH\Commands\Server\rewrite.php(47): require_once('C:\\xampp\\xampp8160\\htdocs\\ci43\\public\\index.php')
CRITICAL - 2023-12-18 02:23:50 --> Cannot access offset of type string on string
in APPPATH\Controllers\Weather.php on line 19.
 1 SYSTEMPATH\CodeIgniter.php(942): App\Controllers\Weather->index('yogyakarta')
 2 SYSTEMPATH\CodeIgniter.php(502): CodeIgniter\CodeIgniter->runController(Object(App\Controllers\Weather))
 3 SYSTEMPATH\CodeIgniter.php(361): CodeIgniter\CodeIgniter->handleRequest(null, Object(Config\Cache), false)
 4 FCPATH\index.php(79): CodeIgniter\CodeIgniter->run()
 5 SYSTEMPATH\Commands\Server\rewrite.php(47): require_once('C:\\xampp\\xampp8160\\htdocs\\ci43\\public\\index.php')
CRITICAL - 2023-12-18 02:26:31 --> Cannot access offset of type string on string
in APPPATH\Controllers\Weather.php on line 19.
 1 SYSTEMPATH\CodeIgniter.php(942): App\Controllers\Weather->index('yogyakarta')
 2 SYSTEMPATH\CodeIgniter.php(502): CodeIgniter\CodeIgniter->runController(Object(App\Controllers\Weather))
 3 SYSTEMPATH\CodeIgniter.php(361): CodeIgniter\CodeIgniter->handleRequest(null, Object(Config\Cache), false)
 4 FCPATH\index.php(79): CodeIgniter\CodeIgniter->run()
 5 SYSTEMPATH\Commands\Server\rewrite.php(47): require_once('C:\\xampp\\xampp8160\\htdocs\\ci43\\public\\index.php')
CRITICAL - 2023-12-18 03:25:25 --> Call to a member function getJSON() on string
in APPPATH\Controllers\Weather.php on line 15.
 1 SYSTEMPATH\CodeIgniter.php(942): App\Controllers\Weather->index('yogyakarta')
 2 SYSTEMPATH\CodeIgniter.php(502): CodeIgniter\CodeIgniter->runController(Object(App\Controllers\Weather))
 3 SYSTEMPATH\CodeIgniter.php(361): CodeIgniter\CodeIgniter->handleRequest(null, Object(Config\Cache), false)
 4 FCPATH\index.php(79): CodeIgniter\CodeIgniter->run()
 5 SYSTEMPATH\Commands\Server\rewrite.php(47): require_once('C:\\xampp\\xampp8160\\htdocs\\ci43\\public\\index.php')
CRITICAL - 2023-12-18 07:45:21 --> gettype() expects exactly 1 argument, 2 given
in APPPATH\Controllers\Weather.php on line 24.
 1 APPPATH\Controllers\Weather.php(24): gettype('"{\\"location\\":{\\"name\\":\\"Yogyakarta\\",\\"region\\":\\"Daerah Istimewa Yogyakarta\\",\\"country\\":\\"Indonesia\\",\\"lat\\":-7.78,\\"lon\\":110.36,\\"tz_id\\":\\"Asia/Jakarta\\",\\"localtime_epoch\\":1702885506,\\"localtime\\":\\"2023-12-18 14:45\\"},\\"current\\":{\\"last_updated_epoch\\":1702885500,\\"last_updated\\":\\"2023-12-18 14:45\\",\\"temp_c\\":31.1,\\"temp_f\\":88.0,\\"is_day\\":1,\\"condition\\":{\\"text\\":\\"Sunny\\",\\"icon\\":\\"//cdn.weatherapi.com/weather/64x64/day/113.png\\",\\"code\\":1000},\\"humidity\\":50,\\"cloud\\":6,\\"feelslike_c\\":33.2,\\"feelslike_f\\":91.7}}"', true)
 2 SYSTEMPATH\CodeIgniter.php(942): App\Controllers\Weather->index('yogyakarta')
 3 SYSTEMPATH\CodeIgniter.php(502): CodeIgniter\CodeIgniter->runController(Object(App\Controllers\Weather))
 4 SYSTEMPATH\CodeIgniter.php(361): CodeIgniter\CodeIgniter->handleRequest(null, Object(Config\Cache), false)
 5 FCPATH\index.php(79): CodeIgniter\CodeIgniter->run()
 6 SYSTEMPATH\Commands\Server\rewrite.php(47): require_once('C:\\xampp\\xampp8160\\htdocs\\ci43\\public\\index.php')
CRITICAL - 2023-12-18 08:53:49 --> 6 : Could not resolve host: current.json
in SYSTEMPATH\HTTP\CURLRequest.php on line 693.
 1 SYSTEMPATH\HTTP\CURLRequest.php(693): CodeIgniter\HTTP\Exceptions\HTTPException::forCurlError('6', 'Could not resolve host: current.json')
 2 SYSTEMPATH\HTTP\CURLRequest.php(387): CodeIgniter\HTTP\CURLRequest->sendRequest([...])
 3 SYSTEMPATH\HTTP\CURLRequest.php(145): CodeIgniter\HTTP\CURLRequest->send('get', 'http://current.json')
 4 SYSTEMPATH\HTTP\CURLRequest.php(180): CodeIgniter\HTTP\CURLRequest->request('get', 'http://current.json', [])
 5 APPPATH\Controllers\Weather.php(21): CodeIgniter\HTTP\CURLRequest->get('current.json')
 6 SYSTEMPATH\CodeIgniter.php(942): App\Controllers\Weather->index('yogyakarta')
 7 SYSTEMPATH\CodeIgniter.php(502): CodeIgniter\CodeIgniter->runController(Object(App\Controllers\Weather))
 8 SYSTEMPATH\CodeIgniter.php(361): CodeIgniter\CodeIgniter->handleRequest(null, Object(Config\Cache), false)
 9 FCPATH\index.php(79): CodeIgniter\CodeIgniter->run()
10 SYSTEMPATH\Commands\Server\rewrite.php(47): require_once('C:\\xampp\\xampp8160\\htdocs\\ci43\\public\\index.php')
CRITICAL - 2023-12-18 11:51:01 --> syntax error, unexpected token "}"
in APPPATH\Controllers\Weather.php on line 22.
 1 SYSTEMPATH\Autoloader\Autoloader.php(291): CodeIgniter\Autoloader\Autoloader->includeFile('C:\\xampp\\xampp8160\\htdocs\\ci43\\app\\Controllers\\Weather.php')
 2 SYSTEMPATH\Autoloader\Autoloader.php(269): CodeIgniter\Autoloader\Autoloader->loadInNamespace('App\\Controllers\\Weather')
 3 [internal function]: CodeIgniter\Autoloader\Autoloader->loadClass('App\\Controllers\\Weather')
 4 SYSTEMPATH\CodeIgniter.php(900): class_exists('\\App\\Controllers\\Weather', true)
 5 SYSTEMPATH\CodeIgniter.php(489): CodeIgniter\CodeIgniter->startController()
 6 SYSTEMPATH\CodeIgniter.php(361): CodeIgniter\CodeIgniter->handleRequest(null, Object(Config\Cache), false)
 7 FCPATH\index.php(79): CodeIgniter\CodeIgniter->run()
 8 SYSTEMPATH\Commands\Server\rewrite.php(47): require_once('C:\\xampp\\xampp8160\\htdocs\\ci43\\public\\index.php')
CRITICAL - 2023-12-18 12:14:08 --> Undefined constant "boolean"
in APPPATH\Views\master\index.php on line 31.
 1 SYSTEMPATH\View\View.php(228): include()
 2 SYSTEMPATH\View\View.php(231): CodeIgniter\View\View->CodeIgniter\View\{closure}()
 3 SYSTEMPATH\View\View.php(244): CodeIgniter\View\View->render('master/index', [], true)
 4 SYSTEMPATH\Common.php(1190): CodeIgniter\View\View->render('weather/index', [], true)
 5 APPPATH\Controllers\Weather.php(21): view('weather/index')
 6 SYSTEMPATH\CodeIgniter.php(942): App\Controllers\Weather->index('yogyakarta')
 7 SYSTEMPATH\CodeIgniter.php(502): CodeIgniter\CodeIgniter->runController(Object(App\Controllers\Weather))
 8 SYSTEMPATH\CodeIgniter.php(361): CodeIgniter\CodeIgniter->handleRequest(null, Object(Config\Cache), false)
 9 FCPATH\index.php(79): CodeIgniter\CodeIgniter->run()
10 SYSTEMPATH\Commands\Server\rewrite.php(47): require_once('C:\\xampp\\xampp8160\\htdocs\\ci43\\public\\index.php')
CRITICAL - 2023-12-18 12:37:02 --> Call to undefined function set_value()
in APPPATH\Views\weather\index.php on line 109.
 1 SYSTEMPATH\View\View.php(228): include()
 2 SYSTEMPATH\View\View.php(231): CodeIgniter\View\View->CodeIgniter\View\{closure}()
 3 SYSTEMPATH\Common.php(1190): CodeIgniter\View\View->render('weather/index', [], true)
 4 APPPATH\Controllers\Weather.php(9): view('weather/index')
 5 SYSTEMPATH\CodeIgniter.php(942): App\Controllers\Weather->index()
 6 SYSTEMPATH\CodeIgniter.php(502): CodeIgniter\CodeIgniter->runController(Object(App\Controllers\Weather))
 7 SYSTEMPATH\CodeIgniter.php(361): CodeIgniter\CodeIgniter->handleRequest(null, Object(Config\Cache), false)
 8 FCPATH\index.php(79): CodeIgniter\CodeIgniter->run()
 9 SYSTEMPATH\Commands\Server\rewrite.php(47): require_once('C:\\xampp\\xampp8160\\htdocs\\ci43\\public\\index.php')
CRITICAL - 2023-12-18 12:37:02 --> Call to undefined function set_value()
in APPPATH\Views\weather\index.php on line 109.
 1 SYSTEMPATH\View\View.php(228): include()
 2 SYSTEMPATH\View\View.php(231): CodeIgniter\View\View->CodeIgniter\View\{closure}()
 3 SYSTEMPATH\Common.php(1190): CodeIgniter\View\View->render('weather/index', [], true)
 4 APPPATH\Controllers\Weather.php(9): view('weather/index')
 5 SYSTEMPATH\CodeIgniter.php(942): App\Controllers\Weather->index()
 6 SYSTEMPATH\CodeIgniter.php(502): CodeIgniter\CodeIgniter->runController(Object(App\Controllers\Weather))
 7 SYSTEMPATH\CodeIgniter.php(361): CodeIgniter\CodeIgniter->handleRequest(null, Object(Config\Cache), false)
 8 FCPATH\index.php(79): CodeIgniter\CodeIgniter->run()
 9 SYSTEMPATH\Commands\Server\rewrite.php(47): require_once('C:\\xampp\\xampp8160\\htdocs\\ci43\\public\\index.php')
CRITICAL - 2023-12-18 12:44:38 --> syntax error, unexpected token "=>", expecting "("
in APPPATH\Config\Routes.php on line 10.
 1 SYSTEMPATH\CodeIgniter.php(810): CodeIgniter\Router\RouteCollection->loadRoutes()
 2 SYSTEMPATH\CodeIgniter.php(450): CodeIgniter\CodeIgniter->tryToRouteIt(null)
 3 SYSTEMPATH\CodeIgniter.php(361): CodeIgniter\CodeIgniter->handleRequest(null, Object(Config\Cache), false)
 4 FCPATH\index.php(79): CodeIgniter\CodeIgniter->run()
 5 SYSTEMPATH\Commands\Server\rewrite.php(47): require_once('C:\\xampp\\xampp8160\\htdocs\\ci43\\public\\index.php')
CRITICAL - 2023-12-18 12:44:38 --> syntax error, unexpected token "=>", expecting "("
in APPPATH\Config\Routes.php on line 10.
 1 SYSTEMPATH\CodeIgniter.php(810): CodeIgniter\Router\RouteCollection->loadRoutes()
 2 SYSTEMPATH\CodeIgniter.php(450): CodeIgniter\CodeIgniter->tryToRouteIt(null)
 3 SYSTEMPATH\CodeIgniter.php(361): CodeIgniter\CodeIgniter->handleRequest(null, Object(Config\Cache), false)
 4 FCPATH\index.php(79): CodeIgniter\CodeIgniter->run()
 5 SYSTEMPATH\Commands\Server\rewrite.php(47): require_once('C:\\xampp\\xampp8160\\htdocs\\ci43\\public\\index.php')
INFO - 2023-12-18 13:04:05 --> CSRF token verified.
INFO - 2023-12-18 13:04:38 --> CSRF token verified.
INFO - 2023-12-18 13:06:46 --> CSRF token verified.
CRITICAL - 2023-12-18 13:06:46 --> Call to undefined function set_value()
in APPPATH\Views\weather\index.php on line 119.
 1 SYSTEMPATH\View\View.php(228): include()
 2 SYSTEMPATH\View\View.php(231): CodeIgniter\View\View->CodeIgniter\View\{closure}()
 3 SYSTEMPATH\Common.php(1190): CodeIgniter\View\View->render('weather/index', [], true)
 4 APPPATH\Controllers\Weather.php(9): view('weather/index')
 5 SYSTEMPATH\CodeIgniter.php(942): App\Controllers\Weather->index()
 6 SYSTEMPATH\CodeIgniter.php(502): CodeIgniter\CodeIgniter->runController(Object(App\Controllers\Weather))
 7 SYSTEMPATH\CodeIgniter.php(361): CodeIgniter\CodeIgniter->handleRequest(null, Object(Config\Cache), false)
 8 FCPATH\index.php(79): CodeIgniter\CodeIgniter->run()
 9 SYSTEMPATH\Commands\Server\rewrite.php(47): require_once('C:\\xampp\\xampp8160\\htdocs\\ci43\\public\\index.php')
INFO - 2023-12-18 13:08:41 --> CSRF token verified.
INFO - 2023-12-18 13:10:09 --> CSRF token verified.
INFO - 2023-12-18 13:12:29 --> CSRF token verified.
INFO - 2023-12-18 13:19:28 --> CSRF token verified.
INFO - 2023-12-18 13:19:28 --> CSRF token verified.
INFO - 2023-12-18 13:19:29 --> CSRF token verified.
INFO - 2023-12-18 13:19:29 --> CSRF token verified.
INFO - 2023-12-18 13:19:29 --> CSRF token verified.
INFO - 2023-12-18 13:19:29 --> CSRF token verified.
CRITICAL - 2023-12-18 13:19:29 --> The action you requested is not allowed.
in SYSTEMPATH\Security\Security.php on line 300.
 1 SYSTEMPATH\Security\Security.php(300): CodeIgniter\Security\Exceptions\SecurityException::forDisallowedAction()
 2 SYSTEMPATH\Filters\CSRF.php(56): CodeIgniter\Security\Security->verify(Object(CodeIgniter\HTTP\IncomingRequest))
 3 SYSTEMPATH\Filters\Filters.php(186): CodeIgniter\Filters\CSRF->before(Object(CodeIgniter\HTTP\IncomingRequest), null)
 4 SYSTEMPATH\CodeIgniter.php(474): CodeIgniter\Filters\Filters->run('news', 'before')
 5 SYSTEMPATH\CodeIgniter.php(361): CodeIgniter\CodeIgniter->handleRequest(null, Object(Config\Cache), false)
 6 FCPATH\index.php(79): CodeIgniter\CodeIgniter->run()
 7 SYSTEMPATH\Commands\Server\rewrite.php(47): require_once('C:\\xampp\\xampp8160\\htdocs\\ci43\\public\\index.php')
INFO - 2023-12-18 13:21:06 --> CSRF token verified.
INFO - 2023-12-18 13:23:37 --> CSRF token verified.
CRITICAL - 2023-12-18 13:45:16 --> syntax error, unexpected token ";"
in APPPATH\Views\weather\index.php on line 1.
 1 SYSTEMPATH\View\View.php(231): CodeIgniter\View\View->CodeIgniter\View\{closure}()
 2 SYSTEMPATH\Common.php(1190): CodeIgniter\View\View->render('weather/index', [], true)
 3 APPPATH\Controllers\Weather.php(9): view('weather/index')
 4 SYSTEMPATH\CodeIgniter.php(942): App\Controllers\Weather->index()
 5 SYSTEMPATH\CodeIgniter.php(502): CodeIgniter\CodeIgniter->runController(Object(App\Controllers\Weather))
 6 SYSTEMPATH\CodeIgniter.php(361): CodeIgniter\CodeIgniter->handleRequest(null, Object(Config\Cache), false)
 7 FCPATH\index.php(79): CodeIgniter\CodeIgniter->run()
 8 SYSTEMPATH\Commands\Server\rewrite.php(47): require_once('C:\\xampp\\xampp8160\\htdocs\\ci43\\public\\index.php')
CRITICAL - 2023-12-18 13:54:03 --> Call to undefined method CodeIgniter\View\View::extends()
in APPPATH\Views\weather\index.php on line 1.
 1 SYSTEMPATH\View\View.php(228): include()
 2 SYSTEMPATH\View\View.php(231): CodeIgniter\View\View->CodeIgniter\View\{closure}()
 3 SYSTEMPATH\Common.php(1190): CodeIgniter\View\View->render('weather/index', [], true)
 4 APPPATH\Controllers\Weather.php(10): view('weather/index')
 5 SYSTEMPATH\CodeIgniter.php(942): App\Controllers\Weather->index()
 6 SYSTEMPATH\CodeIgniter.php(502): CodeIgniter\CodeIgniter->runController(Object(App\Controllers\Weather))
 7 SYSTEMPATH\CodeIgniter.php(361): CodeIgniter\CodeIgniter->handleRequest(null, Object(Config\Cache), false)
 8 FCPATH\index.php(79): CodeIgniter\CodeIgniter->run()
 9 SYSTEMPATH\Commands\Server\rewrite.php(47): require_once('C:\\xampp\\xampp8160\\htdocs\\ci43\\public\\index.php')
CRITICAL - 2023-12-18 13:54:04 --> Call to undefined method CodeIgniter\View\View::extends()
in APPPATH\Views\weather\index.php on line 1.
 1 SYSTEMPATH\View\View.php(228): include()
 2 SYSTEMPATH\View\View.php(231): CodeIgniter\View\View->CodeIgniter\View\{closure}()
 3 SYSTEMPATH\Common.php(1190): CodeIgniter\View\View->render('weather/index', [], true)
 4 APPPATH\Controllers\Weather.php(10): view('weather/index')
 5 SYSTEMPATH\CodeIgniter.php(942): App\Controllers\Weather->index()
 6 SYSTEMPATH\CodeIgniter.php(502): CodeIgniter\CodeIgniter->runController(Object(App\Controllers\Weather))
 7 SYSTEMPATH\CodeIgniter.php(361): CodeIgniter\CodeIgniter->handleRequest(null, Object(Config\Cache), false)
 8 FCPATH\index.php(79): CodeIgniter\CodeIgniter->run()
 9 SYSTEMPATH\Commands\Server\rewrite.php(47): require_once('C:\\xampp\\xampp8160\\htdocs\\ci43\\public\\index.php')
INFO - 2023-12-18 13:57:10 --> CSRF token verified.
INFO - 2023-12-18 13:57:10 --> CSRF token verified.
INFO - 2023-12-18 13:58:13 --> CSRF token verified.
INFO - 2023-12-18 14:01:42 --> CSRF token verified.
INFO - 2023-12-18 14:02:49 --> CSRF token verified.
INFO - 2023-12-18 14:11:43 --> CSRF token verified.
INFO - 2023-12-18 14:11:44 --> CSRF token verified.
INFO - 2023-12-18 14:31:32 --> CSRF token verified.
INFO - 2023-12-18 14:31:32 --> CSRF token verified.
INFO - 2023-12-18 14:34:23 --> CSRF token verified.
INFO - 2023-12-18 23:36:08 --> CSRF token verified.
CRITICAL - 2023-12-18 23:49:33 --> The action you requested is not allowed.
in SYSTEMPATH\Security\Security.php on line 300.
 1 SYSTEMPATH\Security\Security.php(300): CodeIgniter\Security\Exceptions\SecurityException::forDisallowedAction()
 2 SYSTEMPATH\Filters\CSRF.php(56): CodeIgniter\Security\Security->verify(Object(CodeIgniter\HTTP\IncomingRequest))
 3 SYSTEMPATH\Filters\Filters.php(186): CodeIgniter\Filters\CSRF->before(Object(CodeIgniter\HTTP\IncomingRequest), null)
 4 SYSTEMPATH\CodeIgniter.php(474): CodeIgniter\Filters\Filters->run('test/post', 'before')
 5 SYSTEMPATH\CodeIgniter.php(361): CodeIgniter\CodeIgniter->handleRequest(null, Object(Config\Cache), false)
 6 FCPATH\index.php(79): CodeIgniter\CodeIgniter->run()
 7 SYSTEMPATH\Commands\Server\rewrite.php(47): require_once('C:\\xampp\\xampp8160\\htdocs\\ci43\\public\\index.php')
CRITICAL - 2023-12-18 23:50:08 --> The action you requested is not allowed.
in SYSTEMPATH\Security\Security.php on line 300.
 1 SYSTEMPATH\Security\Security.php(300): CodeIgniter\Security\Exceptions\SecurityException::forDisallowedAction()
 2 SYSTEMPATH\Filters\CSRF.php(56): CodeIgniter\Security\Security->verify(Object(CodeIgniter\HTTP\IncomingRequest))
 3 SYSTEMPATH\Filters\Filters.php(186): CodeIgniter\Filters\CSRF->before(Object(CodeIgniter\HTTP\IncomingRequest), null)
 4 SYSTEMPATH\CodeIgniter.php(474): CodeIgniter\Filters\Filters->run('weather', 'before')
 5 SYSTEMPATH\CodeIgniter.php(361): CodeIgniter\CodeIgniter->handleRequest(null, Object(Config\Cache), false)
 6 FCPATH\index.php(79): CodeIgniter\CodeIgniter->run()
 7 SYSTEMPATH\Commands\Server\rewrite.php(47): require_once('C:\\xampp\\xampp8160\\htdocs\\ci43\\public\\index.php')
INFO - 2023-12-18 23:56:19 --> CSRF token verified.
INFO - 2023-12-18 23:56:55 --> CSRF token verified.
